Facturation/Android/Gen/build/outputs/logs/manifest-merger-debug-report.txt
-- Merging decision tree log ---
manifest
ADDED from Android\Gen\AndroidManifest.xml:2:1-2232
INJECTED from Android\Gen\AndroidManifest.xml:2:1-2232
INJECTED from Android\Gen\AndroidManifest.xml:2:1-2232
INJECTED from Android\Gen\AndroidManifest.xml:2:1-2232
MERGED from [com.android.support:support-v4:27.1.1] AndroidManifest.xml:17:1-22:12
MERGED from [com.android.support:appcompat-v7:27.1.1] AndroidManifest.xml:17:1-22:12
MERGED from [com.android.support:support-media-compat:27.1.1] AndroidManifest.xml:17:1-22:12
MERGED from [com.android.support:support-fragment:27.1.1] AndroidManifest.xml:17:1-22:12
MERGED from [com.android.support:animated-vector-drawable:27.1.1] AndroidManifest.xml:17:1-22:12
MERGED from [com.android.support:support-core-ui:27.1.1] AndroidManifest.xml:17:1-22:12
MERGED from [com.android.support:support-core-utils:27.1.1] AndroidManifest.xml:17:1-22:12
MERGED from [com.android.support:support-vector-drawable:27.1.1] AndroidManifest.xml:17:1-22:12
MERGED from [com.android.support:support-compat:27.1.1] AndroidManifest.xml:17:1-22:12
MERGED from [android.arch.lifecycle:runtime:1.1.0] AndroidManifest.xml:17:1-22:12
MERGED from [android.arch.lifecycle:livedata-core:1.1.0] AndroidManifest.xml:17:1-22:12
MERGED from [android.arch.lifecycle:viewmodel:1.1.0] AndroidManifest.xml:17:1-22:12
MERGED from [android.arch.core:runtime:1.1.0] AndroidManifest.xml:17:1-22:12
INJECTED from Android\Gen\AndroidManifest.xml:2:1-2232
INJECTED from Android\Gen\AndroidManifest.xml:2:1-2232
INJECTED from Android\Gen\AndroidManifest.xml:2:1-2232
	package
		ADDED from Android\Gen\AndroidManifest.xml:2:70-103
		INJECTED from Android\Gen\AndroidManifest.xml
		INJECTED from Android\Gen\AndroidManifest.xml
	android:versionName
		ADDED from Android\Gen\AndroidManifest.xml:2:104-133
		INJECTED from Android\Gen\AndroidManifest.xml
		INJECTED from Android\Gen\AndroidManifest.xml
	xmlns:android
		ADDED from Android\Gen\AndroidManifest.xml:2:11-69
	android:versionCode
		ADDED from Android\Gen\AndroidManifest.xml:2:134-158
		INJECTED from Android\Gen\AndroidManifest.xml
		INJECTED from Android\Gen\AndroidManifest.xml
	android:installLocation
		ADDED from Android\Gen\AndroidManifest.xml:2:159-189
application
ADDED from Android\Gen\AndroidManifest.xml:2:190-1755
	android:label
		ADDED from Android\Gen\AndroidManifest.xml:2:265-297
	android:resizeableActivity
		ADDED from Android\Gen\AndroidManifest.xml:2:368-401
	android:largeHeap
		ADDED from Android\Gen\AndroidManifest.xml:2:342-366
	android:icon
		ADDED from Android\Gen\AndroidManifest.xml:2:298-341
	android:name
		ADDED from Android\Gen\AndroidManifest.xml:2:203-264
activity#com.TechBox.facturation.wdgen.GWDPFacturation$WDLanceur
ADDED from Android\Gen\AndroidManifest.xml:2:402-860
	android:screenOrientation
		ADDED from Android\Gen\AndroidManifest.xml:2:665-707
	android:label
		ADDED from Android\Gen\AndroidManifest.xml:2:460-492
	android:configChanges
		ADDED from Android\Gen\AndroidManifest.xml:2:562-664
	android:theme
		ADDED from Android\Gen\AndroidManifest.xml:2:493-561
	android:name
		ADDED from Android\Gen\AndroidManifest.xml:2:412-459
intent-filter#action:name:android.intent.action.MAIN+category:name:android.intent.category.LAUNCHER
ADDED from Android\Gen\AndroidManifest.xml:2:708-849
action#android.intent.action.MAIN
ADDED from Android\Gen\AndroidManifest.xml:2:723-774
	android:name
		ADDED from Android\Gen\AndroidManifest.xml:2:731-772
category#android.intent.category.LAUNCHER
ADDED from Android\Gen\AndroidManifest.xml:2:774-833
	android:name
		ADDED from Android\Gen\AndroidManifest.xml:2:784-831
activity#com.TechBox.facturation.wdgen.GWDFMenu$WDActiviteFenetre
ADDED from Android\Gen\AndroidManifest.xml:2:860-1139
	android:screenOrientation
		ADDED from Android\Gen\AndroidManifest.xml:2:1059-1101
	android:hardwareAccelerated
		ADDED from Android\Gen\AndroidManifest.xml:2:1102-1137
	android:configChanges
		ADDED from Android\Gen\AndroidManifest.xml:2:919-1021
	android:theme
		ADDED from Android\Gen\AndroidManifest.xml:2:1022-1058
	android:name
		ADDED from Android\Gen\AndroidManifest.xml:2:870-918
activity#fr.pcsoft.wdjava.ui.activite.WDActivite$BlankActivity
ADDED from Android\Gen\AndroidManifest.xml:2:1139-1327
	xmlns:android
		ADDED from Android\Gen\AndroidManifest.xml:2:1149-1207
	android:theme
		ADDED from Android\Gen\AndroidManifest.xml:2:1277-1325
	android:name
		ADDED from Android\Gen\AndroidManifest.xml:2:1208-1276
activity#fr.pcsoft.wdjava.core.erreur.report.WDErrorReportActivity
ADDED from Android\Gen\AndroidManifest.xml:2:1327-1527
	xmlns:android
		ADDED from Android\Gen\AndroidManifest.xml:2:1337-1395
	android:theme
		ADDED from Android\Gen\AndroidManifest.xml:2:1469-1525
	android:name
		ADDED from Android\Gen\AndroidManifest.xml:2:1396-1468
service#fr.pcsoft.wdjava.core.service.WDServiceLocal
ADDED from Android\Gen\AndroidManifest.xml:2:1527-1597
	android:name
		ADDED from Android\Gen\AndroidManifest.xml:2:1536-1595
meta-data#fr.pcsoft.first_window_name
ADDED from Android\Gen\AndroidManifest.xml:2:1597-1673
	android:value
		ADDED from Android\Gen\AndroidManifest.xml:2:1651-1671
	android:name
		ADDED from Android\Gen\AndroidManifest.xml:2:1608-1650
meta-data#fr.pcsoft.multidex
ADDED from Android\Gen\AndroidManifest.xml:2:1673-1741
	android:value
		ADDED from Android\Gen\AndroidManifest.xml:2:1718-1739
	android:name
		ADDED from Android\Gen\AndroidManifest.xml:2:1684-1717
uses-sdk
ADDED from Android\Gen\AndroidManifest.xml:2:1755-1823
MERGED from [com.android.support:support-v4:27.1.1] AndroidManifest.xml:20:5-44
MERGED from [com.android.support:support-v4:27.1.1] AndroidManifest.xml:20:5-44
MERGED from [com.android.support:appcompat-v7:27.1.1] AndroidManifest.xml:20:5-44
MERGED from [com.android.support:appcompat-v7:27.1.1] AndroidManifest.xml:20:5-44
MERGED from [com.android.support:support-media-compat:27.1.1] AndroidManifest.xml:20:5-44
MERGED from [com.android.support:support-media-compat:27.1.1] AndroidManifest.xml:20:5-44
MERGED from [com.android.support:support-fragment:27.1.1] AndroidManifest.xml:20:5-44
MERGED from [com.android.support:support-fragment:27.1.1] AndroidManifest.xml:20:5-44
MERGED from [com.android.support:animated-vector-drawable:27.1.1] AndroidManifest.xml:20:5-44
MERGED from [com.android.support:animated-vector-drawable:27.1.1] AndroidManifest.xml:20:5-44
MERGED from [com.android.support:support-core-ui:27.1.1] AndroidManifest.xml:20:5-44
MERGED from [com.android.support:support-core-ui:27.1.1] AndroidManifest.xml:20:5-44
MERGED from [com.android.support:support-core-utils:27.1.1] AndroidManifest.xml:20:5-44
MERGED from [com.android.support:support-core-utils:27.1.1] AndroidManifest.xml:20:5-44
MERGED from [com.android.support:support-vector-drawable:27.1.1] AndroidManifest.xml:20:5-44
MERGED from [com.android.support:support-vector-drawable:27.1.1] AndroidManifest.xml:20:5-44
MERGED from [com.android.support:support-compat:27.1.1] AndroidManifest.xml:20:5-44
MERGED from [com.android.support:support-compat:27.1.1] AndroidManifest.xml:20:5-44
MERGED from [android.arch.lifecycle:runtime:1.1.0] AndroidManifest.xml:20:5-44
MERGED from [android.arch.lifecycle:runtime:1.1.0] AndroidManifest.xml:20:5-44
MERGED from [android.arch.lifecycle:livedata-core:1.1.0] AndroidManifest.xml:20:5-44
MERGED from [android.arch.lifecycle:livedata-core:1.1.0] AndroidManifest.xml:20:5-44
MERGED from [android.arch.lifecycle:viewmodel:1.1.0] AndroidManifest.xml:20:5-44
MERGED from [android.arch.lifecycle:viewmodel:1.1.0] AndroidManifest.xml:20:5-44
MERGED from [android.arch.core:runtime:1.1.0] AndroidManifest.xml:20:5-44
MERGED from [android.arch.core:runtime:1.1.0] AndroidManifest.xml:20:5-44
	android:targetSdkVersion
		ADDED from Android\Gen\AndroidManifest.xml:2:1792-1821
	android:minSdkVersion
		ADDED from Android\Gen\AndroidManifest.xml:2:1765-1791
supports-screens
ADDED from Android\Gen\AndroidManifest.xml:2:1823-1982
	android:largeScreens
		ADDED from Android\Gen\AndroidManifest.xml:2:1898-1925
	android:smallScreens
		ADDED from Android\Gen\AndroidManifest.xml:2:1841-1868
	android:normalScreens
		ADDED from Android\Gen\AndroidManifest.xml:2:1869-1897
	android:xlargeScreens
		ADDED from Android\Gen\AndroidManifest.xml:2:1926-1954
	android:anyDensity
		ADDED from Android\Gen\AndroidManifest.xml:2:1955-1980
uses-permission#android.permission.WRITE_EXTERNAL_STORAGE
ADDED from Android\Gen\AndroidManifest.xml:2:1982-2057
	android:name
		ADDED from Android\Gen\AndroidManifest.xml:2:1999-2055
uses-feature#android.hardware.telephony
ADDED from Android\Gen\AndroidManifest.xml:2:2057-2138
	android:required
		ADDED from Android\Gen\AndroidManifest.xml:2:2113-2136
	android:name
		ADDED from Android\Gen\AndroidManifest.xml:2:2071-2112
uses-feature#android.hardware.touchscreen
ADDED from Android\Gen\AndroidManifest.xml:2:2138-2221
	android:required
		ADDED from Android\Gen\AndroidManifest.xml:2:2196-2219
	android:name
		ADDED from Android\Gen\AndroidManifest.xml:2:2152-2195